This is pdfTeX, Version 3.1415926-2.5-1.40.14 (TeX Live 2013) (format=pdflatex 2016.1.6)  11 OCT 2016 18:18
entering extended mode
 restricted \write18 enabled.
 %&-line parsing enabled.
**week3report.tex
(./week3report.tex
LaTeX2e <2011/06/27>
Babel <v3.8m> and hyphenation patterns for english, dumylang, nohyphenation, lo
aded.
(/usr/share/texlive/texmf-dist/tex/latex/base/article.cls
Document Class: article 2007/10/19 v1.4h Standard LaTeX document class
(/usr/share/texlive/texmf-dist/tex/latex/base/size10.clo
File: size10.clo 2007/10/19 v1.4h Standard LaTeX file (size option)
)
\c@part=\count79
\c@section=\count80
\c@subsection=\count81
\c@subsubsection=\count82
\c@paragraph=\count83
\c@subparagraph=\count84
\c@figure=\count85
\c@table=\count86
\abovecaptionskip=\skip41
\belowcaptionskip=\skip42
\bibindent=\dimen102
)
(/usr/share/texlive/texmf-dist/tex/latex/geometry/geometry.sty
Package: geometry 2010/09/12 v5.6 Page Geometry

(/usr/share/texlive/texmf-dist/tex/latex/graphics/keyval.sty
Package: keyval 1999/03/16 v1.13 key=value parser (DPC)
\KV@toks@=\toks14
)
(/usr/share/texlive/texmf-dist/tex/generic/oberdiek/ifpdf.sty
Package: ifpdf 2011/01/30 v2.3 Provides the ifpdf switch (HO)
Package ifpdf Info: pdfTeX in PDF mode is detected.
)
(/usr/share/texlive/texmf-dist/tex/generic/oberdiek/ifvtex.sty
Package: ifvtex 2010/03/01 v1.5 Detect VTeX and its facilities (HO)
Package ifvtex Info: VTeX not detected.
)
(/usr/share/texlive/texmf-dist/tex/generic/ifxetex/ifxetex.sty
Package: ifxetex 2010/09/12 v0.6 Provides ifxetex conditional
)
\Gm@cnth=\count87
\Gm@cntv=\count88
\c@Gm@tempcnt=\count89
\Gm@bindingoffset=\dimen103
\Gm@wd@mp=\dimen104
\Gm@odd@mp=\dimen105
\Gm@even@mp=\dimen106
\Gm@layoutwidth=\dimen107
\Gm@layoutheight=\dimen108
\Gm@layouthoffset=\dimen109
\Gm@layoutvoffset=\dimen110
\Gm@dimlist=\toks15
)
(/usr/share/texlive/texmf-dist/tex/latex/graphics/graphicx.sty
Package: graphicx 1999/02/16 v1.0f Enhanced LaTeX Graphics (DPC,SPQR)

(/usr/share/texlive/texmf-dist/tex/latex/graphics/graphics.sty
Package: graphics 2009/02/05 v1.0o Standard LaTeX Graphics (DPC,SPQR)

(/usr/share/texlive/texmf-dist/tex/latex/graphics/trig.sty
Package: trig 1999/03/16 v1.09 sin cos tan (DPC)
)
(/usr/share/texlive/texmf-dist/tex/latex/latexconfig/graphics.cfg
File: graphics.cfg 2010/04/23 v1.9 graphics configuration of TeX Live
)
Package graphics Info: Driver file: pdftex.def on input line 91.

(/usr/share/texlive/texmf-dist/tex/latex/pdftex-def/pdftex.def
File: pdftex.def 2011/05/27 v0.06d Graphics/color for pdfTeX

(/usr/share/texlive/texmf-dist/tex/generic/oberdiek/infwarerr.sty
Package: infwarerr 2010/04/08 v1.3 Providing info/warning/error messages (HO)
)
(/usr/share/texlive/texmf-dist/tex/generic/oberdiek/ltxcmds.sty
Package: ltxcmds 2011/11/09 v1.22 LaTeX kernel commands for general use (HO)
)
\Gread@gobject=\count90
))
\Gin@req@height=\dimen111
\Gin@req@width=\dimen112
)
(/usr/share/texlive/texmf-dist/tex/latex/tools/verbatim.sty
Package: verbatim 2003/08/22 v1.5q LaTeX2e package for verbatim enhancements
\every@verbatim=\toks16
\verbatim@line=\toks17
\verbatim@in@stream=\read1
) (./week3report.aux)
\openout1 = `week3report.aux'.

LaTeX Font Info:    Checking defaults for OML/cmm/m/it on input line 10.
LaTeX Font Info:    ... okay on input line 10.
LaTeX Font Info:    Checking defaults for T1/cmr/m/n on input line 10.
LaTeX Font Info:    ... okay on input line 10.
LaTeX Font Info:    Checking defaults for OT1/cmr/m/n on input line 10.
LaTeX Font Info:    ... okay on input line 10.
LaTeX Font Info:    Checking defaults for OMS/cmsy/m/n on input line 10.
LaTeX Font Info:    ... okay on input line 10.
LaTeX Font Info:    Checking defaults for OMX/cmex/m/n on input line 10.
LaTeX Font Info:    ... okay on input line 10.
LaTeX Font Info:    Checking defaults for U/cmr/m/n on input line 10.
LaTeX Font Info:    ... okay on input line 10.

*geometry* driver: auto-detecting
*geometry* detected driver: pdftex
*geometry* verbose mode - [ preamble ] result:
* driver: pdftex
* paper: <default>
* layout: <same size as paper>
* layoutoffset:(h,v)=(0.0pt,0.0pt)
* modes: 
* h-part:(L,W,R)=(36.135pt, 542.02501pt, 36.135pt)
* v-part:(T,H,B)=(36.135pt, 722.7pt, 36.135pt)
* \paperwidth=614.295pt
* \paperheight=794.96999pt
* \textwidth=542.02501pt
* \textheight=722.7pt
* \oddsidemargin=-36.135pt
* \evensidemargin=-36.135pt
* \topmargin=-73.135pt
* \headheight=12.0pt
* \headsep=25.0pt
* \topskip=10.0pt
* \footskip=30.0pt
* \marginparwidth=65.0pt
* \marginparsep=11.0pt
* \columnsep=10.0pt
* \skip\footins=9.0pt plus 4.0pt minus 2.0pt
* \hoffset=0.0pt
* \voffset=0.0pt
* \mag=1000
* \@twocolumnfalse
* \@twosidefalse
* \@mparswitchfalse
* \@reversemarginfalse
* (1in=72.27pt=25.4mm, 1cm=28.453pt)

(/usr/share/texlive/texmf-dist/tex/context/base/supp-pdf.mkii
[Loading MPS to PDF converter (version 2006.09.02).]
\scratchcounter=\count91
\scratchdimen=\dimen113
\scratchbox=\box26
\nofMPsegments=\count92
\nofMParguments=\count93
\everyMPshowfont=\toks18
\MPscratchCnt=\count94
\MPscratchDim=\dimen114
\MPnumerator=\count95
\makeMPintoPDFobject=\count96
\everyMPtoPDFconversion=\toks19
) (/usr/share/texlive/texmf-dist/tex/generic/oberdiek/pdftexcmds.sty
Package: pdftexcmds 2011/11/29 v0.20 Utility functions of pdfTeX for LuaTeX (HO
)

(/usr/share/texlive/texmf-dist/tex/generic/oberdiek/ifluatex.sty
Package: ifluatex 2010/03/01 v1.3 Provides the ifluatex switch (HO)
Package ifluatex Info: LuaTeX not detected.
)
Package pdftexcmds Info: LuaTeX not detected.
Package pdftexcmds Info: \pdf@primitive is available.
Package pdftexcmds Info: \pdf@ifprimitive is available.
Package pdftexcmds Info: \pdfdraftmode found.
)
(/usr/share/texlive/texmf-dist/tex/latex/oberdiek/epstopdf-base.sty
Package: epstopdf-base 2010/02/09 v2.5 Base part for package epstopdf

(/usr/share/texlive/texmf-dist/tex/latex/oberdiek/grfext.sty
Package: grfext 2010/08/19 v1.1 Manage graphics extensions (HO)

(/usr/share/texlive/texmf-dist/tex/generic/oberdiek/kvdefinekeys.sty
Package: kvdefinekeys 2011/04/07 v1.3 Define keys (HO)
))
(/usr/share/texlive/texmf-dist/tex/latex/oberdiek/kvoptions.sty
Package: kvoptions 2011/06/30 v3.11 Key value format for package options (HO)

(/usr/share/texlive/texmf-dist/tex/generic/oberdiek/kvsetkeys.sty
Package: kvsetkeys 2012/04/25 v1.16 Key value parser (HO)

(/usr/share/texlive/texmf-dist/tex/generic/oberdiek/etexcmds.sty
Package: etexcmds 2011/02/16 v1.5 Avoid name clashes with e-TeX commands (HO)
Package etexcmds Info: Could not find \expanded.
(etexcmds)             That can mean that you are not using pdfTeX 1.50 or
(etexcmds)             that some package has redefined \expanded.
(etexcmds)             In the latter case, load this package earlier.
)))
Package grfext Info: Graphics extension search list:
(grfext)             [.png,.pdf,.jpg,.mps,.jpeg,.jbig2,.jb2,.PNG,.PDF,.JPG,.JPE
G,.JBIG2,.JB2,.eps]
(grfext)             \AppendGraphicsExtensions on input line 452.

(/usr/share/texlive/texmf-dist/tex/latex/latexconfig/epstopdf-sys.cfg
File: epstopdf-sys.cfg 2010/07/13 v1.3 Configuration of (r)epstopdf for TeX Liv
e
))
LaTeX Font Info:    External font `cmex10' loaded for size
(Font)              <7> on input line 24.
LaTeX Font Info:    External font `cmex10' loaded for size
(Font)              <5> on input line 24.

<week3Graphics/explicitEuler1.pdf, id=1, 578.16pt x 433.62pt>
File: week3Graphics/explicitEuler1.pdf Graphic file (type pdf)

<use week3Graphics/explicitEuler1.pdf>
Package pdftex.def Info: week3Graphics/explicitEuler1.pdf used on input line 27
.
(pdftex.def)             Requested size: 578.15858pt x 433.61894pt.

Overfull \hbox (36.13358pt too wide) in paragraph at lines 27--28
 [][] 
 []

[1

{/usr/share/texlive/texmf-var/fonts/map/pdftex/updmap/pdftex.map} <./week3Graph
ics/explicitEuler1.pdf>]
<week3Graphics/explicitEulerErrors1.pdf, id=39, 578.16pt x 433.62pt>
File: week3Graphics/explicitEulerErrors1.pdf Graphic file (type pdf)

<use week3Graphics/explicitEulerErrors1.pdf>
Package pdftex.def Info: week3Graphics/explicitEulerErrors1.pdf used on input l
ine 48.
(pdftex.def)             Requested size: 578.15858pt x 433.61894pt.

Overfull \hbox (36.13358pt too wide) in paragraph at lines 48--49
 [][] 
 []

<week3Graphics/eEtruncation.pdf, id=40, 578.16pt x 433.62pt>
File: week3Graphics/eEtruncation.pdf Graphic file (type pdf)

<use week3Graphics/eEtruncation.pdf>
Package pdftex.def Info: week3Graphics/eEtruncation.pdf used on input line 56.
(pdftex.def)             Requested size: 578.15858pt x 433.61894pt.

Overfull \hbox (36.13358pt too wide) in paragraph at lines 56--57
 [][] 
 []

[2

 <./week3Graphics/explicitEulerErrors1.pdf>] [3 <./week3Graphics/eEtruncation.p
df>] <week3Graphics/eE_energy.pdf, id=114, 578.16pt x 433.62pt>
File: week3Graphics/eE_energy.pdf Graphic file (type pdf)

<use week3Graphics/eE_energy.pdf>
Package pdftex.def Info: week3Graphics/eE_energy.pdf used on input line 69.
(pdftex.def)             Requested size: 578.15858pt x 433.61894pt.

Overfull \hbox (36.13358pt too wide) in paragraph at lines 69--70
 [][] 
 []

<week3Graphics/implicitEuler1.pdf, id=115, 578.16pt x 433.62pt>
File: week3Graphics/implicitEuler1.pdf Graphic file (type pdf)

<use week3Graphics/implicitEuler1.pdf>
Package pdftex.def Info: week3Graphics/implicitEuler1.pdf used on input line 10
3.
(pdftex.def)             Requested size: 578.15858pt x 433.61894pt.

Overfull \hbox (36.13358pt too wide) in paragraph at lines 103--104
 [][] 
 []


Overfull \hbox (15.0pt too wide) in paragraph at lines 100--106
[]$[]$ 
 []

[4

 <./week3Graphics/eE_energy.pdf>]
<week3Graphics/implicitEulerErrors1.pdf, id=154, 578.16pt x 433.62pt>
File: week3Graphics/implicitEulerErrors1.pdf Graphic file (type pdf)

<use week3Graphics/implicitEulerErrors1.pdf>
Package pdftex.def Info: week3Graphics/implicitEulerErrors1.pdf used on input l
ine 112.
(pdftex.def)             Requested size: 578.15858pt x 433.61894pt.

Overfull \hbox (36.13358pt too wide) in paragraph at lines 112--113
 [][] 
 []


Overfull \hbox (15.0pt too wide) in paragraph at lines 109--115
[]$[]$ 
 []

[5 <./week3Graphics/implicitEuler1.pdf>]
<week3Graphics/iE_energy.pdf, id=185, 578.16pt x 433.62pt>
File: week3Graphics/iE_energy.pdf Graphic file (type pdf)

<use week3Graphics/iE_energy.pdf>
Package pdftex.def Info: week3Graphics/iE_energy.pdf used on input line 121.
(pdftex.def)             Requested size: 578.15858pt x 433.61894pt.

Overfull \hbox (36.13358pt too wide) in paragraph at lines 121--122
 [][] 
 []


Overfull \hbox (15.0pt too wide) in paragraph at lines 118--124
[]$[]$ 
 []

[6 <./week3Graphics/implicitEulerErrors1.pdf>] [7 <./week3Graphics/iE_energy.pd
f>] <week3Graphics/eE_phaseSpace.pdf, id=259, 578.16pt x 433.62pt>
File: week3Graphics/eE_phaseSpace.pdf Graphic file (type pdf)

<use week3Graphics/eE_phaseSpace.pdf>
Package pdftex.def Info: week3Graphics/eE_phaseSpace.pdf used on input line 144
.
(pdftex.def)             Requested size: 404.70924pt x 303.53192pt.

<week3Graphics/iE_phaseSpace.pdf, id=260, 578.16pt x 433.62pt>
File: week3Graphics/iE_phaseSpace.pdf Graphic file (type pdf)

<use week3Graphics/iE_phaseSpace.pdf>
Package pdftex.def Info: week3Graphics/iE_phaseSpace.pdf used on input line 145
.
(pdftex.def)             Requested size: 404.70924pt x 303.53192pt.

Overfull \hbox (15.0pt too wide) in paragraph at lines 141--148
[]$[]$ 
 []

[8

 <./week3Graphics/eE_phaseSpace.pdf> <./week3Graphics/iE_phaseSpace.pdf

pdfTeX warning: pdflatex (file ./week3Graphics/iE_phaseSpace.pdf): PDF inclusio
n: multiple pdfs with page group included in a single page
>] <week3Graphics/symp_phaseSpace.pdf, id=338, 578.16pt x 433.62pt>
File: week3Graphics/symp_phaseSpace.pdf Graphic file (type pdf)

<use week3Graphics/symp_phaseSpace.pdf>
Package pdftex.def Info: week3Graphics/symp_phaseSpace.pdf used on input line 1
59.
(pdftex.def)             Requested size: 404.70924pt x 303.53192pt.

Overfull \hbox (15.0pt too wide) in paragraph at lines 156--162
[]$[]$ 
 []

<week3Graphics/symp_energy.pdf, id=339, 578.16pt x 433.62pt>
File: week3Graphics/symp_energy.pdf Graphic file (type pdf)

<use week3Graphics/symp_energy.pdf>
Package pdftex.def Info: week3Graphics/symp_energy.pdf used on input line 172.
(pdftex.def)             Requested size: 578.15858pt x 433.61894pt.

Overfull \hbox (36.13358pt too wide) in paragraph at lines 172--173
 [][] 
 []


Overfull \hbox (15.0pt too wide) in paragraph at lines 169--175
[]$[]$ 
 []

[9 <./week3Graphics/symp_phaseSpace.pdf>]
<week3Graphics/symp_lag.pdf, id=380, 578.16pt x 433.62pt>
File: week3Graphics/symp_lag.pdf Graphic file (type pdf)

<use week3Graphics/symp_lag.pdf>
Package pdftex.def Info: week3Graphics/symp_lag.pdf used on input line 187.
(pdftex.def)             Requested size: 578.15858pt x 433.61894pt.

Overfull \hbox (36.13358pt too wide) in paragraph at lines 187--188
 [][] 
 []


Overfull \hbox (15.0pt too wide) in paragraph at lines 184--190
[]$[]$ 
 []

[10 <./week3Graphics/symp_energy.pdf>] [11 <./week3Graphics/symp_lag.pdf>]
(./week3report.aux) ) 
Here is how much of TeX's memory you used:
 2027 strings out of 495063
 30385 string characters out of 3182202
 87751 words of memory out of 3000000
 5204 multiletter control sequences out of 15000+200000
 3948 words of font info for 15 fonts, out of 3000000 for 9000
 14 hyphenation exceptions out of 8191
 37i,7n,32p,374b,228s stack positions out of 5000i,500n,10000p,200000b,50000s
</usr/share/texlive/texmf-dist/fonts/type1/public/amsfonts
/cm/cmbx10.pfb></usr/share/texlive/texmf-dist/fonts/type1/public/amsfonts/cm/cm
mi10.pfb></usr/share/texlive/texmf-dist/fonts/type1/public/amsfonts/cm/cmmi7.pf
b></usr/share/texlive/texmf-dist/fonts/type1/public/amsfonts/cm/cmr10.pfb></usr
/share/texlive/texmf-dist/fonts/type1/public/amsfonts/cm/cmr7.pfb></usr/share/t
exlive/texmf-dist/fonts/type1/public/amsfonts/cm/cmsy10.pfb>
Output written on week3report.pdf (11 pages, 210796 bytes).
PDF statistics:
 488 PDF objects out of 1000 (max. 8388607)
 115 compressed objects within 2 object streams
 0 named destinations out of 1000 (max. 500000)
 61 words of extra memory for PDF output out of 10000 (max. 10000000)

